<?xml version="1.0" encoding="UTF-8"?>
<testsuite xmlns:xsi="http://www.w3.org/2001/XMLSchema-instance" xsi:noNamespaceSchemaLocation="https://maven.apache.org/surefire/maven-surefire-plugin/xsd/surefire-test-report.xsd" name="com.learnkafka.libraryeventsproducer.LibraryEventProducerUnitTest" time="0.833" tests="2" errors="2" skipped="0" failures="0">
  <properties>
    <property name="sun.desktop" value="windows"/>
    <property name="awt.toolkit" value="sun.awt.windows.WToolkit"/>
    <property name="file.encoding.pkg" value="sun.io"/>
    <property name="java.specification.version" value="1.8"/>
    <property name="sun.cpu.isalist" value="amd64"/>
    <property name="sun.jnu.encoding" value="Cp1252"/>
    <property name="java.class.path" value="C:\Kafka Code\library-events-producer\target\test-classes;C:\Kafka Code\library-events-producer\target\classes;C:\Users\sunnys\.m2\repository\org\springframework\boot\spring-boot-starter-web\2.5.1\spring-boot-starter-web-2.5.1.jar;C:\Users\sunnys\.m2\repository\org\springframework\boot\spring-boot-starter\2.5.1\spring-boot-starter-2.5.1.jar;C:\Users\sunnys\.m2\repository\org\springframework\boot\spring-boot\2.5.1\spring-boot-2.5.1.jar;C:\Users\sunnys\.m2\repository\org\springframework\boot\spring-boot-autoconfigure\2.5.1\spring-boot-autoconfigure-2.5.1.jar;C:\Users\sunnys\.m2\repository\org\springframework\boot\spring-boot-starter-logging\2.5.1\spring-boot-starter-logging-2.5.1.jar;C:\Users\sunnys\.m2\repository\ch\qos\logback\logback-classic\1.2.3\logback-classic-1.2.3.jar;C:\Users\sunnys\.m2\repository\ch\qos\logback\logback-core\1.2.3\logback-core-1.2.3.jar;C:\Users\sunnys\.m2\repository\org\apache\logging\log4j\log4j-to-slf4j\2.14.1\log4j-to-slf4j-2.14.1.jar;C:\Users\sunnys\.m2\repository\org\apache\logging\log4j\log4j-api\2.14.1\log4j-api-2.14.1.jar;C:\Users\sunnys\.m2\repository\org\slf4j\jul-to-slf4j\1.7.30\jul-to-slf4j-1.7.30.jar;C:\Users\sunnys\.m2\repository\jakarta\annotation\jakarta.annotation-api\1.3.5\jakarta.annotation-api-1.3.5.jar;C:\Users\sunnys\.m2\repository\org\yaml\snakeyaml\1.28\snakeyaml-1.28.jar;C:\Users\sunnys\.m2\repository\org\springframework\boot\spring-boot-starter-json\2.5.1\spring-boot-starter-json-2.5.1.jar;C:\Users\sunnys\.m2\repository\com\fasterxml\jackson\core\jackson-databind\2.12.3\jackson-databind-2.12.3.jar;C:\Users\sunnys\.m2\repository\com\fasterxml\jackson\core\jackson-annotations\2.12.3\jackson-annotations-2.12.3.jar;C:\Users\sunnys\.m2\repository\com\fasterxml\jackson\core\jackson-core\2.12.3\jackson-core-2.12.3.jar;C:\Users\sunnys\.m2\repository\com\fasterxml\jackson\datatype\jackson-datatype-jdk8\2.12.3\jackson-datatype-jdk8-2.12.3.jar;C:\Users\sunnys\.m2\repository\com\fasterxml\jackson\datatype\jackson-datatype-jsr310\2.12.3\jackson-datatype-jsr310-2.12.3.jar;C:\Users\sunnys\.m2\repository\com\fasterxml\jackson\module\jackson-module-parameter-names\2.12.3\jackson-module-parameter-names-2.12.3.jar;C:\Users\sunnys\.m2\repository\org\springframework\boot\spring-boot-starter-tomcat\2.5.1\spring-boot-starter-tomcat-2.5.1.jar;C:\Users\sunnys\.m2\repository\org\apache\tomcat\embed\tomcat-embed-core\9.0.46\tomcat-embed-core-9.0.46.jar;C:\Users\sunnys\.m2\repository\org\apache\tomcat\embed\tomcat-embed-websocket\9.0.46\tomcat-embed-websocket-9.0.46.jar;C:\Users\sunnys\.m2\repository\org\springframework\spring-web\5.3.8\spring-web-5.3.8.jar;C:\Users\sunnys\.m2\repository\org\springframework\spring-beans\5.3.8\spring-beans-5.3.8.jar;C:\Users\sunnys\.m2\repository\org\springframework\spring-webmvc\5.3.8\spring-webmvc-5.3.8.jar;C:\Users\sunnys\.m2\repository\org\springframework\spring-aop\5.3.8\spring-aop-5.3.8.jar;C:\Users\sunnys\.m2\repository\org\springframework\spring-expression\5.3.8\spring-expression-5.3.8.jar;C:\Users\sunnys\.m2\repository\org\springframework\kafka\spring-kafka\2.7.2\spring-kafka-2.7.2.jar;C:\Users\sunnys\.m2\repository\org\springframework\spring-context\5.3.8\spring-context-5.3.8.jar;C:\Users\sunnys\.m2\repository\org\springframework\spring-messaging\5.3.8\spring-messaging-5.3.8.jar;C:\Users\sunnys\.m2\repository\org\springframework\spring-tx\5.3.8\spring-tx-5.3.8.jar;C:\Users\sunnys\.m2\repository\org\springframework\retry\spring-retry\1.3.1\spring-retry-1.3.1.jar;C:\Users\sunnys\.m2\repository\org\apache\kafka\kafka-clients\2.7.1\kafka-clients-2.7.1.jar;C:\Users\sunnys\.m2\repository\com\github\luben\zstd-jni\1.4.5-6\zstd-jni-1.4.5-6.jar;C:\Users\sunnys\.m2\repository\org\lz4\lz4-java\1.7.1\lz4-java-1.7.1.jar;C:\Users\sunnys\.m2\repository\org\xerial\snappy\snappy-java\1.1.7.7\snappy-java-1.1.7.7.jar;C:\Users\sunnys\.m2\repository\org\slf4j\slf4j-api\1.7.30\slf4j-api-1.7.30.jar;C:\Users\sunnys\.m2\repository\org\jetbrains\kotlin\kotlin-stdlib\1.5.10\kotlin-stdlib-1.5.10.jar;C:\Users\sunnys\.m2\repository\org\jetbrains\annotations\13.0\annotations-13.0.jar;C:\Users\sunnys\.m2\repository\org\jetbrains\kotlin\kotlin-stdlib-common\1.5.10\kotlin-stdlib-common-1.5.10.jar;C:\Users\sunnys\.m2\repository\com\google\code\findbugs\jsr305\3.0.2\jsr305-3.0.2.jar;C:\Users\sunnys\.m2\repository\org\projectlombok\lombok\1.18.20\lombok-1.18.20.jar;C:\Users\sunnys\.m2\repository\org\springframework\boot\spring-boot-starter-test\2.5.1\spring-boot-starter-test-2.5.1.jar;C:\Users\sunnys\.m2\repository\org\springframework\boot\spring-boot-test\2.5.1\spring-boot-test-2.5.1.jar;C:\Users\sunnys\.m2\repository\org\springframework\boot\spring-boot-test-autoconfigure\2.5.1\spring-boot-test-autoconfigure-2.5.1.jar;C:\Users\sunnys\.m2\repository\com\jayway\jsonpath\json-path\2.5.0\json-path-2.5.0.jar;C:\Users\sunnys\.m2\repository\net\minidev\json-smart\2.4.7\json-smart-2.4.7.jar;C:\Users\sunnys\.m2\repository\net\minidev\accessors-smart\2.4.7\accessors-smart-2.4.7.jar;C:\Users\sunnys\.m2\repository\org\ow2\asm\asm\9.1\asm-9.1.jar;C:\Users\sunnys\.m2\repository\jakarta\xml\bind\jakarta.xml.bind-api\2.3.3\jakarta.xml.bind-api-2.3.3.jar;C:\Users\sunnys\.m2\repository\jakarta\activation\jakarta.activation-api\1.2.2\jakarta.activation-api-1.2.2.jar;C:\Users\sunnys\.m2\repository\org\assertj\assertj-core\3.19.0\assertj-core-3.19.0.jar;C:\Users\sunnys\.m2\repository\org\hamcrest\hamcrest\2.2\hamcrest-2.2.jar;C:\Users\sunnys\.m2\repository\org\junit\jupiter\junit-jupiter\5.7.2\junit-jupiter-5.7.2.jar;C:\Users\sunnys\.m2\repository\org\mockito\mockito-core\3.9.0\mockito-core-3.9.0.jar;C:\Users\sunnys\.m2\repository\net\bytebuddy\byte-buddy\1.10.22\byte-buddy-1.10.22.jar;C:\Users\sunnys\.m2\repository\net\bytebuddy\byte-buddy-agent\1.10.22\byte-buddy-agent-1.10.22.jar;C:\Users\sunnys\.m2\repository\org\objenesis\objenesis\3.2\objenesis-3.2.jar;C:\Users\sunnys\.m2\repository\org\mockito\mockito-junit-jupiter\3.9.0\mockito-junit-jupiter-3.9.0.jar;C:\Users\sunnys\.m2\repository\org\skyscreamer\jsonassert\1.5.0\jsonassert-1.5.0.jar;C:\Users\sunnys\.m2\repository\com\vaadin\external\google\android-json\0.0.20131108.vaadin1\android-json-0.0.20131108.vaadin1.jar;C:\Users\sunnys\.m2\repository\org\springframework\spring-core\5.3.8\spring-core-5.3.8.jar;C:\Users\sunnys\.m2\repository\org\springframework\spring-jcl\5.3.8\spring-jcl-5.3.8.jar;C:\Users\sunnys\.m2\repository\org\springframework\spring-test\5.3.8\spring-test-5.3.8.jar;C:\Users\sunnys\.m2\repository\org\xmlunit\xmlunit-core\2.8.2\xmlunit-core-2.8.2.jar;C:\Users\sunnys\.m2\repository\org\springframework\kafka\spring-kafka-test\2.7.2\spring-kafka-test-2.7.2.jar;C:\Users\sunnys\.m2\repository\org\apache\kafka\kafka-clients\2.7.1\kafka-clients-2.7.1-test.jar;C:\Users\sunnys\.m2\repository\org\apache\kafka\kafka-streams\2.7.1\kafka-streams-2.7.1.jar;C:\Users\sunnys\.m2\repository\org\apache\kafka\connect-json\2.7.1\connect-json-2.7.1.jar;C:\Users\sunnys\.m2\repository\org\apache\kafka\connect-api\2.7.1\connect-api-2.7.1.jar;C:\Users\sunnys\.m2\repository\org\rocksdb\rocksdbjni\5.18.4\rocksdbjni-5.18.4.jar;C:\Users\sunnys\.m2\repository\org\apache\kafka\kafka-streams-test-utils\2.7.1\kafka-streams-test-utils-2.7.1.jar;C:\Users\sunnys\.m2\repository\org\apache\kafka\kafka_2.13\2.7.1\kafka_2.13-2.7.1.jar;C:\Users\sunnys\.m2\repository\org\apache\kafka\kafka-raft\2.7.1\kafka-raft-2.7.1.jar;C:\Users\sunnys\.m2\repository\com\fasterxml\jackson\module\jackson-module-scala_2.13\2.12.3\jackson-module-scala_2.13-2.12.3.jar;C:\Users\sunnys\.m2\repository\com\thoughtworks\paranamer\paranamer\2.8\paranamer-2.8.jar;C:\Users\sunnys\.m2\repository\com\fasterxml\jackson\dataformat\jackson-dataformat-csv\2.12.3\jackson-dataformat-csv-2.12.3.jar;C:\Users\sunnys\.m2\repository\net\sf\jopt-simple\jopt-simple\5.0.4\jopt-simple-5.0.4.jar;C:\Users\sunnys\.m2\repository\com\yammer\metrics\metrics-core\2.2.0\metrics-core-2.2.0.jar;C:\Users\sunnys\.m2\repository\org\scala-lang\modules\scala-collection-compat_2.13\2.2.0\scala-collection-compat_2.13-2.2.0.jar;C:\Users\sunnys\.m2\repository\org\scala-lang\modules\scala-java8-compat_2.13\0.9.1\scala-java8-compat_2.13-0.9.1.jar;C:\Users\sunnys\.m2\repository\org\scala-lang\scala-library\2.13.3\scala-library-2.13.3.jar;C:\Users\sunnys\.m2\repository\org\scala-lang\scala-reflect\2.13.3\scala-reflect-2.13.3.jar;C:\Users\sunnys\.m2\repository\com\typesafe\scala-logging\scala-logging_2.13\3.9.2\scala-logging_2.13-3.9.2.jar;C:\Users\sunnys\.m2\repository\org\apache\zookeeper\zookeeper\3.5.9\zookeeper-3.5.9.jar;C:\Users\sunnys\.m2\repository\org\apache\zookeeper\zookeeper-jute\3.5.9\zookeeper-jute-3.5.9.jar;C:\Users\sunnys\.m2\repository\org\apache\yetus\audience-annotations\0.5.0\audience-annotations-0.5.0.jar;C:\Users\sunnys\.m2\repository\io\netty\netty-handler\4.1.65.Final\netty-handler-4.1.65.Final.jar;C:\Users\sunnys\.m2\repository\io\netty\netty-common\4.1.65.Final\netty-common-4.1.65.Final.jar;C:\Users\sunnys\.m2\repository\io\netty\netty-resolver\4.1.65.Final\netty-resolver-4.1.65.Final.jar;C:\Users\sunnys\.m2\repository\io\netty\netty-buffer\4.1.65.Final\netty-buffer-4.1.65.Final.jar;C:\Users\sunnys\.m2\repository\io\netty\netty-transport\4.1.65.Final\netty-transport-4.1.65.Final.jar;C:\Users\sunnys\.m2\repository\io\netty\netty-codec\4.1.65.Final\netty-codec-4.1.65.Final.jar;C:\Users\sunnys\.m2\repository\io\netty\netty-transport-native-epoll\4.1.65.Final\netty-transport-native-epoll-4.1.65.Final.jar;C:\Users\sunnys\.m2\repository\io\netty\netty-transport-native-unix-common\4.1.65.Final\netty-transport-native-unix-common-4.1.65.Final.jar;C:\Users\sunnys\.m2\repository\commons-cli\commons-cli\1.4\commons-cli-1.4.jar;C:\Users\sunnys\.m2\repository\org\apache\kafka\kafka_2.13\2.7.1\kafka_2.13-2.7.1-test.jar;C:\Users\sunnys\.m2\repository\org\junit\jupiter\junit-jupiter-engine\5.4.0\junit-jupiter-engine-5.4.0.jar;C:\Users\sunnys\.m2\repository\org\apiguardian\apiguardian-api\1.0.0\apiguardian-api-1.0.0.jar;C:\Users\sunnys\.m2\repository\org\junit\platform\junit-platform-engine\1.7.2\junit-platform-engine-1.7.2.jar;C:\Users\sunnys\.m2\repository\org\junit\jupiter\junit-jupiter-api\5.5.1\junit-jupiter-api-5.5.1.jar;C:\Users\sunnys\.m2\repository\org\opentest4j\opentest4j\1.2.0\opentest4j-1.2.0.jar;C:\Users\sunnys\.m2\repository\org\junit\platform\junit-platform-commons\1.7.2\junit-platform-commons-1.7.2.jar;C:\Users\sunnys\.m2\repository\org\junit\jupiter\junit-jupiter-params\5.5.1\junit-jupiter-params-5.5.1.jar;C:\Users\sunnys\.m2\repository\net\joshka\junit-json-params\5.4.2-r0\junit-json-params-5.4.2-r0.jar;C:\Users\sunnys\.m2\repository\javax\json\javax.json-api\1.1.4\javax.json-api-1.1.4.jar;C:\Users\sunnys\.m2\repository\org\springframework\boot\spring-boot-starter-validation\2.5.1\spring-boot-starter-validation-2.5.1.jar;C:\Users\sunnys\.m2\repository\org\apache\tomcat\embed\tomcat-embed-el\9.0.46\tomcat-embed-el-9.0.46.jar;C:\Users\sunnys\.m2\repository\org\hibernate\validator\hibernate-validator\6.2.0.Final\hibernate-validator-6.2.0.Final.jar;C:\Users\sunnys\.m2\repository\jakarta\validation\jakarta.validation-api\2.0.2\jakarta.validation-api-2.0.2.jar;C:\Users\sunnys\.m2\repository\org\jboss\logging\jboss-logging\3.4.2.Final\jboss-logging-3.4.2.Final.jar;C:\Users\sunnys\.m2\repository\com\fasterxml\classmate\1.5.1\classmate-1.5.1.jar;"/>
    <property name="java.vm.vendor" value="Oracle Corporation"/>
    <property name="sun.arch.data.model" value="64"/>
    <property name="user.variant" value=""/>
    <property name="java.vendor.url" value="http://java.oracle.com/"/>
    <property name="user.timezone" value="Asia/Calcutta"/>
    <property name="java.vm.specification.version" value="1.8"/>
    <property name="os.name" value="Windows 10"/>
    <property name="user.country" value="US"/>
    <property name="sun.java.launcher" value="SUN_STANDARD"/>
    <property name="sun.boot.library.path" value="C:\softwares\java\jre\bin"/>
    <property name="sun.java.command" value="C:\Users\sunnys\AppData\Local\Temp\surefire6721486180154509601\surefirebooter8276626040307611724.jar C:\Users\sunnys\AppData\Local\Temp\surefire6721486180154509601 2021-06-27T16-07-42_024-jvmRun1 surefire7360254799565872749tmp surefire_05845491725880528241tmp"/>
    <property name="surefire.test.class.path" value="C:\Kafka Code\library-events-producer\target\test-classes;C:\Kafka Code\library-events-producer\target\classes;C:\Users\sunnys\.m2\repository\org\springframework\boot\spring-boot-starter-web\2.5.1\spring-boot-starter-web-2.5.1.jar;C:\Users\sunnys\.m2\repository\org\springframework\boot\spring-boot-starter\2.5.1\spring-boot-starter-2.5.1.jar;C:\Users\sunnys\.m2\repository\org\springframework\boot\spring-boot\2.5.1\spring-boot-2.5.1.jar;C:\Users\sunnys\.m2\repository\org\springframework\boot\spring-boot-autoconfigure\2.5.1\spring-boot-autoconfigure-2.5.1.jar;C:\Users\sunnys\.m2\repository\org\springframework\boot\spring-boot-starter-logging\2.5.1\spring-boot-starter-logging-2.5.1.jar;C:\Users\sunnys\.m2\repository\ch\qos\logback\logback-classic\1.2.3\logback-classic-1.2.3.jar;C:\Users\sunnys\.m2\repository\ch\qos\logback\logback-core\1.2.3\logback-core-1.2.3.jar;C:\Users\sunnys\.m2\repository\org\apache\logging\log4j\log4j-to-slf4j\2.14.1\log4j-to-slf4j-2.14.1.jar;C:\Users\sunnys\.m2\repository\org\apache\logging\log4j\log4j-api\2.14.1\log4j-api-2.14.1.jar;C:\Users\sunnys\.m2\repository\org\slf4j\jul-to-slf4j\1.7.30\jul-to-slf4j-1.7.30.jar;C:\Users\sunnys\.m2\repository\jakarta\annotation\jakarta.annotation-api\1.3.5\jakarta.annotation-api-1.3.5.jar;C:\Users\sunnys\.m2\repository\org\yaml\snakeyaml\1.28\snakeyaml-1.28.jar;C:\Users\sunnys\.m2\repository\org\springframework\boot\spring-boot-starter-json\2.5.1\spring-boot-starter-json-2.5.1.jar;C:\Users\sunnys\.m2\repository\com\fasterxml\jackson\core\jackson-databind\2.12.3\jackson-databind-2.12.3.jar;C:\Users\sunnys\.m2\repository\com\fasterxml\jackson\core\jackson-annotations\2.12.3\jackson-annotations-2.12.3.jar;C:\Users\sunnys\.m2\repository\com\fasterxml\jackson\core\jackson-core\2.12.3\jackson-core-2.12.3.jar;C:\Users\sunnys\.m2\repository\com\fasterxml\jackson\datatype\jackson-datatype-jdk8\2.12.3\jackson-datatype-jdk8-2.12.3.jar;C:\Users\sunnys\.m2\repository\com\fasterxml\jackson\datatype\jackson-datatype-jsr310\2.12.3\jackson-datatype-jsr310-2.12.3.jar;C:\Users\sunnys\.m2\repository\com\fasterxml\jackson\module\jackson-module-parameter-names\2.12.3\jackson-module-parameter-names-2.12.3.jar;C:\Users\sunnys\.m2\repository\org\springframework\boot\spring-boot-starter-tomcat\2.5.1\spring-boot-starter-tomcat-2.5.1.jar;C:\Users\sunnys\.m2\repository\org\apache\tomcat\embed\tomcat-embed-core\9.0.46\tomcat-embed-core-9.0.46.jar;C:\Users\sunnys\.m2\repository\org\apache\tomcat\embed\tomcat-embed-websocket\9.0.46\tomcat-embed-websocket-9.0.46.jar;C:\Users\sunnys\.m2\repository\org\springframework\spring-web\5.3.8\spring-web-5.3.8.jar;C:\Users\sunnys\.m2\repository\org\springframework\spring-beans\5.3.8\spring-beans-5.3.8.jar;C:\Users\sunnys\.m2\repository\org\springframework\spring-webmvc\5.3.8\spring-webmvc-5.3.8.jar;C:\Users\sunnys\.m2\repository\org\springframework\spring-aop\5.3.8\spring-aop-5.3.8.jar;C:\Users\sunnys\.m2\repository\org\springframework\spring-expression\5.3.8\spring-expression-5.3.8.jar;C:\Users\sunnys\.m2\repository\org\springframework\kafka\spring-kafka\2.7.2\spring-kafka-2.7.2.jar;C:\Users\sunnys\.m2\repository\org\springframework\spring-context\5.3.8\spring-context-5.3.8.jar;C:\Users\sunnys\.m2\repository\org\springframework\spring-messaging\5.3.8\spring-messaging-5.3.8.jar;C:\Users\sunnys\.m2\repository\org\springframework\spring-tx\5.3.8\spring-tx-5.3.8.jar;C:\Users\sunnys\.m2\repository\org\springframework\retry\spring-retry\1.3.1\spring-retry-1.3.1.jar;C:\Users\sunnys\.m2\repository\org\apache\kafka\kafka-clients\2.7.1\kafka-clients-2.7.1.jar;C:\Users\sunnys\.m2\repository\com\github\luben\zstd-jni\1.4.5-6\zstd-jni-1.4.5-6.jar;C:\Users\sunnys\.m2\repository\org\lz4\lz4-java\1.7.1\lz4-java-1.7.1.jar;C:\Users\sunnys\.m2\repository\org\xerial\snappy\snappy-java\1.1.7.7\snappy-java-1.1.7.7.jar;C:\Users\sunnys\.m2\repository\org\slf4j\slf4j-api\1.7.30\slf4j-api-1.7.30.jar;C:\Users\sunnys\.m2\repository\org\jetbrains\kotlin\kotlin-stdlib\1.5.10\kotlin-stdlib-1.5.10.jar;C:\Users\sunnys\.m2\repository\org\jetbrains\annotations\13.0\annotations-13.0.jar;C:\Users\sunnys\.m2\repository\org\jetbrains\kotlin\kotlin-stdlib-common\1.5.10\kotlin-stdlib-common-1.5.10.jar;C:\Users\sunnys\.m2\repository\com\google\code\findbugs\jsr305\3.0.2\jsr305-3.0.2.jar;C:\Users\sunnys\.m2\repository\org\projectlombok\lombok\1.18.20\lombok-1.18.20.jar;C:\Users\sunnys\.m2\repository\org\springframework\boot\spring-boot-starter-test\2.5.1\spring-boot-starter-test-2.5.1.jar;C:\Users\sunnys\.m2\repository\org\springframework\boot\spring-boot-test\2.5.1\spring-boot-test-2.5.1.jar;C:\Users\sunnys\.m2\repository\org\springframework\boot\spring-boot-test-autoconfigure\2.5.1\spring-boot-test-autoconfigure-2.5.1.jar;C:\Users\sunnys\.m2\repository\com\jayway\jsonpath\json-path\2.5.0\json-path-2.5.0.jar;C:\Users\sunnys\.m2\repository\net\minidev\json-smart\2.4.7\json-smart-2.4.7.jar;C:\Users\sunnys\.m2\repository\net\minidev\accessors-smart\2.4.7\accessors-smart-2.4.7.jar;C:\Users\sunnys\.m2\repository\org\ow2\asm\asm\9.1\asm-9.1.jar;C:\Users\sunnys\.m2\repository\jakarta\xml\bind\jakarta.xml.bind-api\2.3.3\jakarta.xml.bind-api-2.3.3.jar;C:\Users\sunnys\.m2\repository\jakarta\activation\jakarta.activation-api\1.2.2\jakarta.activation-api-1.2.2.jar;C:\Users\sunnys\.m2\repository\org\assertj\assertj-core\3.19.0\assertj-core-3.19.0.jar;C:\Users\sunnys\.m2\repository\org\hamcrest\hamcrest\2.2\hamcrest-2.2.jar;C:\Users\sunnys\.m2\repository\org\junit\jupiter\junit-jupiter\5.7.2\junit-jupiter-5.7.2.jar;C:\Users\sunnys\.m2\repository\org\mockito\mockito-core\3.9.0\mockito-core-3.9.0.jar;C:\Users\sunnys\.m2\repository\net\bytebuddy\byte-buddy\1.10.22\byte-buddy-1.10.22.jar;C:\Users\sunnys\.m2\repository\net\bytebuddy\byte-buddy-agent\1.10.22\byte-buddy-agent-1.10.22.jar;C:\Users\sunnys\.m2\repository\org\objenesis\objenesis\3.2\objenesis-3.2.jar;C:\Users\sunnys\.m2\repository\org\mockito\mockito-junit-jupiter\3.9.0\mockito-junit-jupiter-3.9.0.jar;C:\Users\sunnys\.m2\repository\org\skyscreamer\jsonassert\1.5.0\jsonassert-1.5.0.jar;C:\Users\sunnys\.m2\repository\com\vaadin\external\google\android-json\0.0.20131108.vaadin1\android-json-0.0.20131108.vaadin1.jar;C:\Users\sunnys\.m2\repository\org\springframework\spring-core\5.3.8\spring-core-5.3.8.jar;C:\Users\sunnys\.m2\repository\org\springframework\spring-jcl\5.3.8\spring-jcl-5.3.8.jar;C:\Users\sunnys\.m2\repository\org\springframework\spring-test\5.3.8\spring-test-5.3.8.jar;C:\Users\sunnys\.m2\repository\org\xmlunit\xmlunit-core\2.8.2\xmlunit-core-2.8.2.jar;C:\Users\sunnys\.m2\repository\org\springframework\kafka\spring-kafka-test\2.7.2\spring-kafka-test-2.7.2.jar;C:\Users\sunnys\.m2\repository\org\apache\kafka\kafka-clients\2.7.1\kafka-clients-2.7.1-test.jar;C:\Users\sunnys\.m2\repository\org\apache\kafka\kafka-streams\2.7.1\kafka-streams-2.7.1.jar;C:\Users\sunnys\.m2\repository\org\apache\kafka\connect-json\2.7.1\connect-json-2.7.1.jar;C:\Users\sunnys\.m2\repository\org\apache\kafka\connect-api\2.7.1\connect-api-2.7.1.jar;C:\Users\sunnys\.m2\repository\org\rocksdb\rocksdbjni\5.18.4\rocksdbjni-5.18.4.jar;C:\Users\sunnys\.m2\repository\org\apache\kafka\kafka-streams-test-utils\2.7.1\kafka-streams-test-utils-2.7.1.jar;C:\Users\sunnys\.m2\repository\org\apache\kafka\kafka_2.13\2.7.1\kafka_2.13-2.7.1.jar;C:\Users\sunnys\.m2\repository\org\apache\kafka\kafka-raft\2.7.1\kafka-raft-2.7.1.jar;C:\Users\sunnys\.m2\repository\com\fasterxml\jackson\module\jackson-module-scala_2.13\2.12.3\jackson-module-scala_2.13-2.12.3.jar;C:\Users\sunnys\.m2\repository\com\thoughtworks\paranamer\paranamer\2.8\paranamer-2.8.jar;C:\Users\sunnys\.m2\repository\com\fasterxml\jackson\dataformat\jackson-dataformat-csv\2.12.3\jackson-dataformat-csv-2.12.3.jar;C:\Users\sunnys\.m2\repository\net\sf\jopt-simple\jopt-simple\5.0.4\jopt-simple-5.0.4.jar;C:\Users\sunnys\.m2\repository\com\yammer\metrics\metrics-core\2.2.0\metrics-core-2.2.0.jar;C:\Users\sunnys\.m2\repository\org\scala-lang\modules\scala-collection-compat_2.13\2.2.0\scala-collection-compat_2.13-2.2.0.jar;C:\Users\sunnys\.m2\repository\org\scala-lang\modules\scala-java8-compat_2.13\0.9.1\scala-java8-compat_2.13-0.9.1.jar;C:\Users\sunnys\.m2\repository\org\scala-lang\scala-library\2.13.3\scala-library-2.13.3.jar;C:\Users\sunnys\.m2\repository\org\scala-lang\scala-reflect\2.13.3\scala-reflect-2.13.3.jar;C:\Users\sunnys\.m2\repository\com\typesafe\scala-logging\scala-logging_2.13\3.9.2\scala-logging_2.13-3.9.2.jar;C:\Users\sunnys\.m2\repository\org\apache\zookeeper\zookeeper\3.5.9\zookeeper-3.5.9.jar;C:\Users\sunnys\.m2\repository\org\apache\zookeeper\zookeeper-jute\3.5.9\zookeeper-jute-3.5.9.jar;C:\Users\sunnys\.m2\repository\org\apache\yetus\audience-annotations\0.5.0\audience-annotations-0.5.0.jar;C:\Users\sunnys\.m2\repository\io\netty\netty-handler\4.1.65.Final\netty-handler-4.1.65.Final.jar;C:\Users\sunnys\.m2\repository\io\netty\netty-common\4.1.65.Final\netty-common-4.1.65.Final.jar;C:\Users\sunnys\.m2\repository\io\netty\netty-resolver\4.1.65.Final\netty-resolver-4.1.65.Final.jar;C:\Users\sunnys\.m2\repository\io\netty\netty-buffer\4.1.65.Final\netty-buffer-4.1.65.Final.jar;C:\Users\sunnys\.m2\repository\io\netty\netty-transport\4.1.65.Final\netty-transport-4.1.65.Final.jar;C:\Users\sunnys\.m2\repository\io\netty\netty-codec\4.1.65.Final\netty-codec-4.1.65.Final.jar;C:\Users\sunnys\.m2\repository\io\netty\netty-transport-native-epoll\4.1.65.Final\netty-transport-native-epoll-4.1.65.Final.jar;C:\Users\sunnys\.m2\repository\io\netty\netty-transport-native-unix-common\4.1.65.Final\netty-transport-native-unix-common-4.1.65.Final.jar;C:\Users\sunnys\.m2\repository\commons-cli\commons-cli\1.4\commons-cli-1.4.jar;C:\Users\sunnys\.m2\repository\org\apache\kafka\kafka_2.13\2.7.1\kafka_2.13-2.7.1-test.jar;C:\Users\sunnys\.m2\repository\org\junit\jupiter\junit-jupiter-engine\5.4.0\junit-jupiter-engine-5.4.0.jar;C:\Users\sunnys\.m2\repository\org\apiguardian\apiguardian-api\1.0.0\apiguardian-api-1.0.0.jar;C:\Users\sunnys\.m2\repository\org\junit\platform\junit-platform-engine\1.7.2\junit-platform-engine-1.7.2.jar;C:\Users\sunnys\.m2\repository\org\junit\jupiter\junit-jupiter-api\5.5.1\junit-jupiter-api-5.5.1.jar;C:\Users\sunnys\.m2\repository\org\opentest4j\opentest4j\1.2.0\opentest4j-1.2.0.jar;C:\Users\sunnys\.m2\repository\org\junit\platform\junit-platform-commons\1.7.2\junit-platform-commons-1.7.2.jar;C:\Users\sunnys\.m2\repository\org\junit\jupiter\junit-jupiter-params\5.5.1\junit-jupiter-params-5.5.1.jar;C:\Users\sunnys\.m2\repository\net\joshka\junit-json-params\5.4.2-r0\junit-json-params-5.4.2-r0.jar;C:\Users\sunnys\.m2\repository\javax\json\javax.json-api\1.1.4\javax.json-api-1.1.4.jar;C:\Users\sunnys\.m2\repository\org\springframework\boot\spring-boot-starter-validation\2.5.1\spring-boot-starter-validation-2.5.1.jar;C:\Users\sunnys\.m2\repository\org\apache\tomcat\embed\tomcat-embed-el\9.0.46\tomcat-embed-el-9.0.46.jar;C:\Users\sunnys\.m2\repository\org\hibernate\validator\hibernate-validator\6.2.0.Final\hibernate-validator-6.2.0.Final.jar;C:\Users\sunnys\.m2\repository\jakarta\validation\jakarta.validation-api\2.0.2\jakarta.validation-api-2.0.2.jar;C:\Users\sunnys\.m2\repository\org\jboss\logging\jboss-logging\3.4.2.Final\jboss-logging-3.4.2.Final.jar;C:\Users\sunnys\.m2\repository\com\fasterxml\classmate\1.5.1\classmate-1.5.1.jar;"/>
    <property name="sun.cpu.endian" value="little"/>
    <property name="user.home" value="C:\Users\sunnys"/>
    <property name="user.language" value="en"/>
    <property name="java.specification.vendor" value="Oracle Corporation"/>
    <property name="java.home" value="C:\softwares\java\jre"/>
    <property name="basedir" value="C:\Kafka Code\library-events-producer"/>
    <property name="style.color" value="always"/>
    <property name="file.separator" value="\"/>
    <property name="line.separator" value="&#10;"/>
    <property name="java.vm.specification.vendor" value="Oracle Corporation"/>
    <property name="java.specification.name" value="Java Platform API Specification"/>
    <property name="java.awt.graphicsenv" value="sun.awt.Win32GraphicsEnvironment"/>
    <property name="surefire.real.class.path" value="C:\Users\sunnys\AppData\Local\Temp\surefire6721486180154509601\surefirebooter8276626040307611724.jar"/>
    <property name="sun.boot.class.path" value="C:\softwares\java\jre\lib\resources.jar;C:\softwares\java\jre\lib\rt.jar;C:\softwares\java\jre\lib\sunrsasign.jar;C:\softwares\java\jre\lib\jsse.jar;C:\softwares\java\jre\lib\jce.jar;C:\softwares\java\jre\lib\charsets.jar;C:\softwares\java\jre\lib\jfr.jar;C:\softwares\java\jre\classes"/>
    <property name="user.script" value=""/>
    <property name="sun.management.compiler" value="HotSpot 64-Bit Tiered Compilers"/>
    <property name="java.runtime.version" value="1.8.0-272-b10"/>
    <property name="user.name" value="sunnys"/>
    <property name="path.separator" value=";"/>
    <property name="os.version" value="10.0"/>
    <property name="java.endorsed.dirs" value="C:\softwares\java\jre\lib\endorsed"/>
    <property name="java.runtime.name" value="OpenJDK Runtime Environment"/>
    <property name="file.encoding" value="Cp1252"/>
    <property name="java.vm.name" value="OpenJDK 64-Bit Server VM"/>
    <property name="localRepository" value="C:\Users\sunnys\.m2\repository"/>
    <property name="java.vendor.url.bug" value="http://bugreport.sun.com/bugreport/"/>
    <property name="java.io.tmpdir" value="C:\Users\sunnys\AppData\Local\Temp\"/>
    <property name="java.version" value="1.8.0-272"/>
    <property name="user.dir" value="C:\Kafka Code\library-events-producer"/>
    <property name="os.arch" value="amd64"/>
    <property name="java.vm.specification.name" value="Java Virtual Machine Specification"/>
    <property name="java.awt.printerjob" value="sun.awt.windows.WPrinterJob"/>
    <property name="sun.os.patch.level" value=""/>
    <property name="java.library.path" value="C:\softwares\java\jre\bin;C:\WINDOWS\Sun\Java\bin;C:\WINDOWS\system32;C:\WINDOWS;C:/softwares/java/bin/../jre/bin/server;C:/softwares/java/bin/../jre/bin;C:/softwares/java/bin/../jre/lib/amd64;C:\softwares\java\bin;C:\WINDOWS\system32;C:\WINDOWS;C:\WINDOWS\System32\Wbem;C:\WINDOWS\System32\WindowsPowerShell\v1.0\;C:\WINDOWS\System32\OpenSSH\;C:\Program Files (x86)\Symantec\VIP Access Client\;C:\softwares\java\bin;C:\Program Files\Microsoft SQL Server\Client SDK\ODBC\170\Tools\Binn\;C:\Program Files (x86)\Microsoft SQL Server\150\Tools\Binn\;C:\Program Files\Microsoft SQL Server\150\Tools\Binn\;C:\Program Files\Microsoft SQL Server\150\DTS\Binn\;C:\Program Files (x86)\Microsoft SQL Server\150\DTS\Binn\;C:\Go\bin;C:\Program Files (x86)\NVIDIA Corporation\PhysX\Common;C:\Users\sunnys\AppData\Roaming\nvm;C:\Program Files\nodejs;C:\Program Files\Git\cmd;C:\Program Files\nodejs\;C:\Program Files\nodejs;C:\software\Microsoft VS Code\bin;C:\softwares\java\bin;C:\Users\sunnys\go\bin;C:\Users\sunnys\AppData\Roaming\nvm;C:\Program Files\nodejs;C:\Users\sunnys\AppData\Roaming\npm;C:\Program Files\nodejs;;C:\softwares\sts-bundle\sts-3.9.12.RELEASE;;."/>
    <property name="java.vm.info" value="mixed mode"/>
    <property name="java.vendor" value="OpenLogic-OpenJDK"/>
    <property name="java.vm.version" value="25.71-b10"/>
    <property name="java.ext.dirs" value="C:\softwares\java\jre\lib\ext;C:\WINDOWS\Sun\Java\lib\ext"/>
    <property name="sun.io.unicode.encoding" value="UnicodeLittle"/>
    <property name="java.class.version" value="52.0"/>
  </properties>
  <testcase name="sendLibraryEvent_Approach2_success" classname="com.learnkafka.libraryeventsproducer.LibraryEventProducerUnitTest" time="0.831">
    <error message="org.hamcrest.core.Is cannot be cast to org.apache.kafka.clients.producer.ProducerRecord" type="java.lang.ClassCastException">java.lang.ClassCastException: org.hamcrest.core.Is cannot be cast to org.apache.kafka.clients.producer.ProducerRecord
	at com.learnkafka.libraryeventsproducer.LibraryEventProducerUnitTest.sendLibraryEvent_Approach2_success(LibraryEventProducerUnitTest.java:64)
</error>
    <system-out><![CDATA[2021-06-27 16:07:51.492  INFO 19396 --- [er-event-thread] kafka.controller.KafkaController         : [Controller id=0] Processing automatic preferred replica leader election
]]></system-out>
  </testcase>
  <testcase name="sendLibraryEvent_Approach2_failure" classname="com.learnkafka.libraryeventsproducer.LibraryEventProducerUnitTest" time="0.001">
    <error message="org.hamcrest.core.Is cannot be cast to org.apache.kafka.clients.producer.ProducerRecord" type="java.lang.ClassCastException">java.lang.ClassCastException: org.hamcrest.core.Is cannot be cast to org.apache.kafka.clients.producer.ProducerRecord
	at com.learnkafka.libraryeventsproducer.LibraryEventProducerUnitTest.sendLibraryEvent_Approach2_failure(LibraryEventProducerUnitTest.java:50)
</error>
  </testcase>
</testsuite>